# JRE version: Java(TM) SE Runtime Environment (17.0.2+8) (build 17.0.2+8-LTS-86)
# Java VM: Java HotSpot(TM) 64-Bit Server VM (17.0.2+8-LTS-86, mixed mode, sharing, tiered, compressed oops, compressed class ptrs, g1 gc, windows-amd64)
GC Precious Log:
 CPUs: 8 total, 8 available
 Memory: 6075M
 Large Page Support: Disabled
 NUMA Support: Disabled
 Compressed Oops: Enabled (32-bit)
 Heap Region Size: 1M
 Heap Min Capacity: 8M
 Heap Initial Capacity: 96M
 Heap Max Capacity: 1536M
 Pre-touch: Disabled
 Parallel Workers: 8
 Concurrent Workers: 2
 Concurrent Refinement Workers: 8
 Periodic GC: Disabled
Heap:
 garbage-first heap   total 75776K, used 38761K [0x00000000a0000000, 0x0000000100000000)
  region size 1024K, 8 young (8192K), 3 survivors (3072K)
 Metaspace       used 39223K, committed 39616K, reserved 1089536K
  class space    used 5358K, committed 5568K, reserved 1048576K
GC Heap History (20 events):
Event: 1.589 GC heap before
{Heap before GC invocations=1 (full 0):
 garbage-first heap   total 98304K, used 38944K [0x00000000a0000000, 0x0000000100000000)
  region size 1024K, 31 young (31744K), 3 survivors (3072K)
 Metaspace       used 3935K, committed 4160K, reserved 1056768K
  class space    used 477K, committed 576K, reserved 1048576K
}
Event: 1.596 GC heap after
{Heap after GC invocations=2 (full 0):
 garbage-first heap   total 98304K, used 13079K [0x00000000a0000000, 0x0000000100000000)
  region size 1024K, 4 young (4096K), 4 survivors (4096K)
 Metaspace       used 3935K, committed 4160K, reserved 1056768K
  class space    used 477K, committed 576K, reserved 1048576K
}
Event: 4.739 GC heap before
{Heap before GC invocations=2 (full 0):
 garbage-first heap   total 98304K, used 65303K [0x00000000a0000000, 0x0000000100000000)
  region size 1024K, 55 young (56320K), 4 survivors (4096K)
 Metaspace       used 13915K, committed 14144K, reserved 1064960K
  class space    used 2014K, committed 2112K, reserved 1048576K
}
Event: 4.748 GC heap after
{Heap after GC invocations=3 (full 0):
 garbage-first heap   total 98304K, used 18061K [0x00000000a0000000, 0x0000000100000000)
  region size 1024K, 7 young (7168K), 7 survivors (7168K)
 Metaspace       used 13915K, committed 14144K, reserved 1064960K
  class space    used 2014K, committed 2112K, reserved 1048576K
}
Event: 6.986 GC heap before
{Heap before GC invocations=3 (full 0):
 garbage-first heap   total 98304K, used 61069K [0x00000000a0000000, 0x0000000100000000)
  region size 1024K, 50 young (51200K), 7 survivors (7168K)
 Metaspace       used 20489K, committed 20736K, reserved 1073152K
  class space    used 3031K, committed 3136K, reserved 1048576K
}
Event: 6.992 GC heap after
{Heap after GC invocations=4 (full 0):
 garbage-first heap   total 98304K, used 20870K [0x00000000a0000000, 0x0000000100000000)
  region size 1024K, 3 young (3072K), 3 survivors (3072K)
 Metaspace       used 20489K, committed 20736K, reserved 1073152K
  class space    used 3031K, committed 3136K, reserved 1048576K
}
Event: 7.281 GC heap before
{Heap before GC invocations=4 (full 0):
 garbage-first heap   total 98304K, used 27014K [0x00000000a0000000, 0x0000000100000000)
  region size 1024K, 10 young (10240K), 3 survivors (3072K)
 Metaspace       used 21263K, committed 21504K, reserved 1073152K
  class space    used 3156K, committed 3264K, reserved 1048576K
}
Event: 7.283 GC heap after
{Heap after GC invocations=5 (full 0):
 garbage-first heap   total 98304K, used 21106K [0x00000000a0000000, 0x0000000100000000)
  region size 1024K, 3 young (3072K), 3 survivors (3072K)
 Metaspace       used 21263K, committed 21504K, reserved 1073152K
  class space    used 3156K, committed 3264K, reserved 1048576K
}
Event: 10.103 GC heap before
{Heap before GC invocations=6 (full 0):
 garbage-first heap   total 75776K, used 62066K [0x00000000a0000000, 0x0000000100000000)
  region size 1024K, 44 young (45056K), 3 survivors (3072K)
 Metaspace       used 29221K, committed 29504K, reserved 1081344K
  class space    used 4128K, committed 4224K, reserved 1048576K
}
Event: 10.109 GC heap after
{Heap after GC invocations=7 (full 0):
 garbage-first heap   total 75776K, used 25793K [0x00000000a0000000, 0x0000000100000000)
  region size 1024K, 6 young (6144K), 6 survivors (6144K)
 Metaspace       used 29221K, committed 29504K, reserved 1081344K
  class space    used 4128K, committed 4224K, reserved 1048576K
}
Event: 12.180 GC heap before
{Heap before GC invocations=7 (full 0):
 garbage-first heap   total 75776K, used 57537K [0x00000000a0000000, 0x0000000100000000)
  region size 1024K, 35 young (35840K), 6 survivors (6144K)
 Metaspace       used 31890K, committed 32192K, reserved 1081344K
  class space    used 4401K, committed 4544K, reserved 1048576K
}
Event: 12.186 GC heap after
{Heap after GC invocations=8 (full 0):
 garbage-first heap   total 75776K, used 28988K [0x00000000a0000000, 0x0000000100000000)
  region size 1024K, 4 young (4096K), 4 survivors (4096K)
 Metaspace       used 31890K, committed 32192K, reserved 1081344K
  class space    used 4401K, committed 4544K, reserved 1048576K
}
Event: 13.450 GC heap before
{Heap before GC invocations=8 (full 0):
 garbage-first heap   total 75776K, used 55612K [0x00000000a0000000, 0x0000000100000000)
  region size 1024K, 30 young (30720K), 4 survivors (4096K)
 Metaspace       used 34786K, committed 35136K, reserved 1081344K
  class space    used 4753K, committed 4928K, reserved 1048576K
}
Event: 13.456 GC heap after
{Heap after GC invocations=9 (full 0):
 garbage-first heap   total 75776K, used 31780K [0x00000000a0000000, 0x0000000100000000)
  region size 1024K, 3 young (3072K), 3 survivors (3072K)
 Metaspace       used 34786K, committed 35136K, reserved 1081344K
  class space    used 4753K, committed 4928K, reserved 1048576K
}
Event: 13.798 GC heap before
{Heap before GC invocations=9 (full 0):
 garbage-first heap   total 75776K, used 37924K [0x00000000a0000000, 0x0000000100000000)
  region size 1024K, 11 young (11264K), 3 survivors (3072K)
 Metaspace       used 35589K, committed 35968K, reserved 1081344K
  class space    used 4893K, committed 5120K, reserved 1048576K
}
Event: 13.801 GC heap after
{Heap after GC invocations=10 (full 0):
 garbage-first heap   total 75776K, used 32216K [0x00000000a0000000, 0x0000000100000000)
  region size 1024K, 1 young (1024K), 1 survivors (1024K)
 Metaspace       used 35589K, committed 35968K, reserved 1081344K
  class space    used 4893K, committed 5120K, reserved 1048576K
}
Event: 15.620 GC heap before
{Heap before GC invocations=11 (full 0):
 garbage-first heap   total 75776K, used 56792K [0x00000000a0000000, 0x0000000100000000)
  region size 1024K, 25 young (25600K), 1 survivors (1024K)
 Metaspace       used 38186K, committed 38592K, reserved 1089536K
  class space    used 5249K, committed 5440K, reserved 1048576K
}
Event: 15.623 GC heap after
{Heap after GC invocations=12 (full 0):
 garbage-first heap   total 75776K, used 33745K [0x00000000a0000000, 0x0000000100000000)
  region size 1024K, 3 young (3072K), 3 survivors (3072K)
 Metaspace       used 38186K, committed 38592K, reserved 1089536K
  class space    used 5249K, committed 5440K, reserved 1048576K
}
Event: 17.168 GC heap before
{Heap before GC invocations=12 (full 0):
 garbage-first heap   total 75776K, used 56273K [0x00000000a0000000, 0x0000000100000000)
  region size 1024K, 26 young (26624K), 3 survivors (3072K)
 Metaspace       used 39084K, committed 39488K, reserved 1089536K
  class space    used 5344K, committed 5504K, reserved 1048576K
}
Event: 17.171 GC heap after
{Heap after GC invocations=13 (full 0):
 garbage-first heap   total 75776K, used 34665K [0x00000000a0000000, 0x0000000100000000)
  region size 1024K, 3 young (3072K), 3 survivors (3072K)
 Metaspace       used 39084K, committed 39488K, reserved 1089536K
  class space    used 5344K, committed 5504K, reserved 1048576K
}

